CRITICAL - 2026-04-05 16:49:48 --> Error: Call to undefined function generatePostImage()
[Method: GET, Route: /]
in APPPATH/Views/themes/news/partials/_main_slider.php on line 104.
 1 SYSTEMPATH/View/View.php(234): include()
 2 SYSTEMPATH/View/View.php(237): CodeIgniter\View\View->CodeIgniter\View\{closure}()
 3 SYSTEMPATH/Common.php(1215): CodeIgniter\View\View->render()
 4 APPPATH/Views/themes/magazine/index.php(31): view()
 5 SYSTEMPATH/View/View.php(234): include('/var/www/filefakta/www.filefakta.com/public/app/Views/themes/magazine/index.php')
 6 SYSTEMPATH/View/View.php(237): CodeIgniter\View\View->CodeIgniter\View\{closure}()
 7 SYSTEMPATH/Common.php(1215): CodeIgniter\View\View->render()
 8 APPPATH/Common.php(123): view()
 9 APPPATH/Controllers/HomeController.php(51): loadView()
10 SYSTEMPATH/CodeIgniter.php(933): App\Controllers\HomeController->index()
11 SYSTEMPATH/CodeIgniter.php(509): CodeIgniter\CodeIgniter->runController()
12 SYSTEMPATH/CodeIgniter.php(355): CodeIgniter\CodeIgniter->handleRequest()
13 SYSTEMPATH/Boot.php(334): CodeIgniter\CodeIgniter->run()
14 SYSTEMPATH/Boot.php(67): CodeIgniter\Boot::runCodeIgniter()
15 FCPATH/index.php(56): CodeIgniter\Boot::bootWeb()
CRITICAL - 2026-04-05 16:49:49 --> Error: Call to undefined function generatePostImage()
[Method: GET, Route: /]
in APPPATH/Views/themes/news/partials/_main_slider.php on line 104.
 1 SYSTEMPATH/View/View.php(234): include()
 2 SYSTEMPATH/View/View.php(237): CodeIgniter\View\View->CodeIgniter\View\{closure}()
 3 SYSTEMPATH/Common.php(1215): CodeIgniter\View\View->render()
 4 APPPATH/Views/themes/magazine/index.php(31): view()
 5 SYSTEMPATH/View/View.php(234): include('/var/www/filefakta/www.filefakta.com/public/app/Views/themes/magazine/index.php')
 6 SYSTEMPATH/View/View.php(237): CodeIgniter\View\View->CodeIgniter\View\{closure}()
 7 SYSTEMPATH/Common.php(1215): CodeIgniter\View\View->render()
 8 APPPATH/Common.php(123): view()
 9 APPPATH/Controllers/HomeController.php(51): loadView()
10 SYSTEMPATH/CodeIgniter.php(933): App\Controllers\HomeController->index()
11 SYSTEMPATH/CodeIgniter.php(509): CodeIgniter\CodeIgniter->runController()
12 SYSTEMPATH/CodeIgniter.php(355): CodeIgniter\CodeIgniter->handleRequest()
13 SYSTEMPATH/Boot.php(334): CodeIgniter\CodeIgniter->run()
14 SYSTEMPATH/Boot.php(67): CodeIgniter\Boot::runCodeIgniter()
15 FCPATH/index.php(56): CodeIgniter\Boot::bootWeb()
CRITICAL - 2026-04-05 16:49:49 --> Error: Call to undefined function generatePostImage()
[Method: GET, Route: /]
in APPPATH/Views/themes/news/partials/_main_slider.php on line 104.
 1 SYSTEMPATH/View/View.php(234): include()
 2 SYSTEMPATH/View/View.php(237): CodeIgniter\View\View->CodeIgniter\View\{closure}()
 3 SYSTEMPATH/Common.php(1215): CodeIgniter\View\View->render()
 4 APPPATH/Views/themes/magazine/index.php(31): view()
 5 SYSTEMPATH/View/View.php(234): include('/var/www/filefakta/www.filefakta.com/public/app/Views/themes/magazine/index.php')
 6 SYSTEMPATH/View/View.php(237): CodeIgniter\View\View->CodeIgniter\View\{closure}()
 7 SYSTEMPATH/Common.php(1215): CodeIgniter\View\View->render()
 8 APPPATH/Common.php(123): view()
 9 APPPATH/Controllers/HomeController.php(51): loadView()
10 SYSTEMPATH/CodeIgniter.php(933): App\Controllers\HomeController->index()
11 SYSTEMPATH/CodeIgniter.php(509): CodeIgniter\CodeIgniter->runController()
12 SYSTEMPATH/CodeIgniter.php(355): CodeIgniter\CodeIgniter->handleRequest()
13 SYSTEMPATH/Boot.php(334): CodeIgniter\CodeIgniter->run()
14 SYSTEMPATH/Boot.php(67): CodeIgniter\Boot::runCodeIgniter()
15 FCPATH/index.php(56): CodeIgniter\Boot::bootWeb()
CRITICAL - 2026-04-05 16:49:49 --> Error: Call to undefined function generatePostImage()
[Method: GET, Route: /]
in APPPATH/Views/themes/news/partials/_main_slider.php on line 104.
 1 SYSTEMPATH/View/View.php(234): include()
 2 SYSTEMPATH/View/View.php(237): CodeIgniter\View\View->CodeIgniter\View\{closure}()
 3 SYSTEMPATH/Common.php(1215): CodeIgniter\View\View->render()
 4 APPPATH/Views/themes/magazine/index.php(31): view()
 5 SYSTEMPATH/View/View.php(234): include('/var/www/filefakta/www.filefakta.com/public/app/Views/themes/magazine/index.php')
 6 SYSTEMPATH/View/View.php(237): CodeIgniter\View\View->CodeIgniter\View\{closure}()
 7 SYSTEMPATH/Common.php(1215): CodeIgniter\View\View->render()
 8 APPPATH/Common.php(123): view()
 9 APPPATH/Controllers/HomeController.php(51): loadView()
10 SYSTEMPATH/CodeIgniter.php(933): App\Controllers\HomeController->index()
11 SYSTEMPATH/CodeIgniter.php(509): CodeIgniter\CodeIgniter->runController()
12 SYSTEMPATH/CodeIgniter.php(355): CodeIgniter\CodeIgniter->handleRequest()
13 SYSTEMPATH/Boot.php(334): CodeIgniter\CodeIgniter->run()
14 SYSTEMPATH/Boot.php(67): CodeIgniter\Boot::runCodeIgniter()
15 FCPATH/index.php(56): CodeIgniter\Boot::bootWeb()
